<?xml version="1.0" encoding="UTF-8"?><testsuite errors="1" failures="0" name="Register scenarios of Automation Demo Site" skipped="0" tests="1" time="30.25" timestamp="2023-04-17 10:11:46"><testcase name="User register on Automation Demo Site"><error message="Timed out after 2 seconds. Element not found&#10;For documentation on this error, please visit: https://selenium.dev/exceptions/#no_such_element&#10;Build info: version: '4.8.1', revision: '8ebccac989'&#10;System info: os.name: 'Windows 10', os.arch: 'amd64', os.version: '10.0', java.version: '11.0.18'&#10;Driver info: driver.version: RemoteWebDriver&#10;For documentation on this error, please visit: https://selenium.dev/exceptions/#no_such_element&#10;Build info: version: '4.8.1', revision: '8ebccac989'&#10;System info: os.name: 'Windows 10', os.arch: 'amd64', os.version: '10.0', java.version: '11.0.18'&#10;Driver info: driver.version: unknown" type="org.openqa.selenium.NoSuchElementException">Timed out after 2 seconds. Element not found
For documentation on this error, please visit: https://selenium.dev/exceptions/#no_such_element
Build info: version: '4.8.1', revision: '8ebccac989'
System info: os.name: 'Windows 10', os.arch: 'amd64', os.version: '10.0', java.version: '11.0.18'
Driver info: driver.version: RemoteWebDriver
For documentation on this error, please visit: https://selenium.dev/exceptions/#no_such_element
Build info: version: '4.8.1', revision: '8ebccac989'
System info: os.name: 'Windows 10', os.arch: 'amd64', os.version: '10.0', java.version: '11.0.18'
Driver info: driver.version: unknown</error><system-err>Timed out after 2 seconds. Element not found
For documentation on this error, please visit: https://selenium.dev/exceptions/#no_such_element
Build info: version: '4.8.1', revision: '8ebccac989'
System info: os.name: 'Windows 10', os.arch: 'amd64', os.version: '10.0', java.version: '11.0.18'
Driver info: driver.version: RemoteWebDriver
For documentation on this error, please visit: https://selenium.dev/exceptions/#no_such_element
Build info: version: '4.8.1', revision: '8ebccac989'
System info: os.name: 'Windows 10', os.arch: 'amd64', os.version: '10.0', java.version: '11.0.18'
Driver info: driver.version: unknown&#13;
util.UtilFactory.executeScript(UtilFactory.java:63)&#13;
util.UtilFactory.highlight(UtilFactory.java:59)&#13;
ui.Register.enterData(Register.java:56)&#13;
StepDef.RegisterStepDef.user_fill_the_data(RegisterStepDef.java:50)&#13;
✽.User fill the data(file:///C:/Users/Pavan.Kopparapu/Downloads/RegestrationLoginPage/JsonDemo/src/test/resources/feature/Register.feature:5)&#13;
</system-err></testcase></testsuite>